# JRE version: Java(TM) SE Runtime Environment (8.0_111-b14) (build 1.8.0_111-b14)
# Java VM: Java HotSpot(TM) 64-Bit Server VM (25.111-b14 mixed mode windows-amd64 compressed oops)
Heap:
 PSYoungGen      total 17920K, used 15998K [0x00000000ee400000, 0x00000000f1800000, 0x0000000100000000)
  eden space 8192K, 82% used [0x00000000ee400000,0x00000000eea9c678,0x00000000eec00000)
  from space 9728K, 94% used [0x00000000eec00000,0x00000000ef503270,0x00000000ef580000)
  to   space 22528K, 0% used [0x00000000f0200000,0x00000000f0200000,0x00000000f1800000)
 ParOldGen       total 43520K, used 14029K [0x00000000cac00000, 0x00000000cd680000, 0x00000000ee400000)
  object space 43520K, 32% used [0x00000000cac00000,0x00000000cb9b3578,0x00000000cd680000)
 Metaspace       used 19374K, capacity 19814K, committed 19968K, reserved 1067008K
  class space    used 2630K, capacity 2740K, committed 2816K, reserved 1048576K
GC Heap History (10 events):
Event: 705.778 GC heap before
{Heap before GC invocations=20 (full 1):
 PSYoungGen      total 29696K, used 22247K [0x00000000ee400000, 0x00000000f1900000, 0x0000000100000000)
  eden space 8192K, 100% used [0x00000000ee400000,0x00000000eec00000,0x00000000eec00000)
  from space 21504K, 65% used [0x00000000f0200000,0x00000000f0fb9ed0,0x00000000f1700000)
  to   space 22528K, 0% used [0x00000000eec00000,0x00000000eec00000,0x00000000f0200000)
 ParOldGen       total 43520K, used 13448K [0x00000000cac00000, 0x00000000cd680000, 0x00000000ee400000)
  object space 43520K, 30% used [0x00000000cac00000,0x00000000cb922158,0x00000000cd680000)
 Metaspace       used 19325K, capacity 19750K, committed 19968K, reserved 1067008K
  class space    used 2625K, capacity 2740K, committed 2816K, reserved 1048576K
Event: 705.781 GC heap after
Heap after GC invocations=20 (full 1):
 PSYoungGen      total 30720K, used 13735K [0x00000000ee400000, 0x00000000f1900000, 0x0000000100000000)
  eden space 8192K, 0% used [0x00000000ee400000,0x00000000ee400000,0x00000000eec00000)
  from space 22528K, 60% used [0x00000000eec00000,0x00000000ef969ed0,0x00000000f0200000)
  to   space 23040K, 0% used [0x00000000f0280000,0x00000000f0280000,0x00000000f1900000)
 ParOldGen       total 43520K, used 13800K [0x00000000cac00000, 0x00000000cd680000, 0x00000000ee400000)
  object space 43520K, 31% used [0x00000000cac00000,0x00000000cb97a158,0x00000000cd680000)
 Metaspace       used 19325K, capacity 19750K, committed 19968K, reserved 1067008K
  class space    used 2625K, capacity 2740K, committed 2816K, reserved 1048576K
}
Event: 721.985 GC heap before
{Heap before GC invocations=21 (full 1):
 PSYoungGen      total 30720K, used 21927K [0x00000000ee400000, 0x00000000f1900000, 0x0000000100000000)
  eden space 8192K, 100% used [0x00000000ee400000,0x00000000eec00000,0x00000000eec00000)
  from space 22528K, 60% used [0x00000000eec00000,0x00000000ef969ed0,0x00000000f0200000)
  to   space 23040K, 0% used [0x00000000f0280000,0x00000000f0280000,0x00000000f1900000)
 ParOldGen       total 43520K, used 13800K [0x00000000cac00000, 0x00000000cd680000, 0x00000000ee400000)
  object space 43520K, 31% used [0x00000000cac00000,0x00000000cb97a158,0x00000000cd680000)
 Metaspace       used 19325K, capacity 19750K, committed 19968K, reserved 1067008K
  class space    used 2625K, capacity 2740K, committed 2816K, reserved 1048576K
Event: 721.988 GC heap after
Heap after GC invocations=21 (full 1):
 PSYoungGen      total 31232K, used 13703K [0x00000000ee400000, 0x00000000f1900000, 0x0000000100000000)
  eden space 8192K, 0% used [0x00000000ee400000,0x00000000ee400000,0x00000000eec00000)
  from space 23040K, 59% used [0x00000000f0280000,0x00000000f0fe1ed0,0x00000000f1900000)
  to   space 23040K, 0% used [0x00000000eec00000,0x00000000eec00000,0x00000000f0280000)
 ParOldGen       total 43520K, used 13856K [0x00000000cac00000, 0x00000000cd680000, 0x00000000ee400000)
  object space 43520K, 31% used [0x00000000cac00000,0x00000000cb988158,0x00000000cd680000)
 Metaspace       used 19325K, capacity 19750K, committed 19968K, reserved 1067008K
  class space    used 2625K, capacity 2740K, committed 2816K, reserved 1048576K
}
Event: 737.862 GC heap before
{Heap before GC invocations=22 (full 1):
 PSYoungGen      total 31232K, used 21895K [0x00000000ee400000, 0x00000000f1900000, 0x0000000100000000)
  eden space 8192K, 100% used [0x00000000ee400000,0x00000000eec00000,0x00000000eec00000)
  from space 23040K, 59% used [0x00000000f0280000,0x00000000f0fe1ed0,0x00000000f1900000)
  to   space 23040K, 0% used [0x00000000eec00000,0x00000000eec00000,0x00000000f0280000)
 ParOldGen       total 43520K, used 13856K [0x00000000cac00000, 0x00000000cd680000, 0x00000000ee400000)
  object space 43520K, 31% used [0x00000000cac00000,0x00000000cb988158,0x00000000cd680000)
 Metaspace       used 19325K, capacity 19750K, committed 19968K, reserved 1067008K
  class space    used 2625K, capacity 2740K, committed 2816K, reserved 1048576K
Event: 737.865 GC heap after
Heap after GC invocations=22 (full 1):
 PSYoungGen      total 31232K, used 13671K [0x00000000ee400000, 0x00000000f1a00000, 0x0000000100000000)
  eden space 8192K, 0% used [0x00000000ee400000,0x00000000ee400000,0x00000000eec00000)
  from space 23040K, 59% used [0x00000000eec00000,0x00000000ef959ed0,0x00000000f0280000)
  to   space 23552K, 0% used [0x00000000f0300000,0x00000000f0300000,0x00000000f1a00000)
 ParOldGen       total 43520K, used 13933K [0x00000000cac00000, 0x00000000cd680000, 0x00000000ee400000)
  object space 43520K, 32% used [0x00000000cac00000,0x00000000cb99b578,0x00000000cd680000)
 Metaspace       used 19325K, capacity 19750K, committed 19968K, reserved 1067008K
  class space    used 2625K, capacity 2740K, committed 2816K, reserved 1048576K
}
Event: 754.748 GC heap before
{Heap before GC invocations=23 (full 1):
 PSYoungGen      total 31232K, used 21863K [0x00000000ee400000, 0x00000000f1a00000, 0x0000000100000000)
  eden space 8192K, 100% used [0x00000000ee400000,0x00000000eec00000,0x00000000eec00000)
  from space 23040K, 59% used [0x00000000eec00000,0x00000000ef959ed0,0x00000000f0280000)
  to   space 23552K, 0% used [0x00000000f0300000,0x00000000f0300000,0x00000000f1a00000)
 ParOldGen       total 43520K, used 13933K [0x00000000cac00000, 0x00000000cd680000, 0x00000000ee400000)
  object space 43520K, 32% used [0x00000000cac00000,0x00000000cb99b578,0x00000000cd680000)
 Metaspace       used 19325K, capacity 19750K, committed 19968K, reserved 1067008K
  class space    used 2625K, capacity 2740K, committed 2816K, reserved 1048576K
Event: 754.751 GC heap after
Heap after GC invocations=23 (full 1):
 PSYoungGen      total 31744K, used 13671K [0x00000000ee400000, 0x00000000f1a00000, 0x0000000100000000)
  eden space 8192K, 0% used [0x00000000ee400000,0x00000000ee400000,0x00000000eec00000)
  from space 23552K, 58% used [0x00000000f0300000,0x00000000f1059ed0,0x00000000f1a00000)
  to   space 23552K, 0% used [0x00000000eec00000,0x00000000eec00000,0x00000000f0300000)
 ParOldGen       total 43520K, used 13981K [0x00000000cac00000, 0x00000000cd680000, 0x00000000ee400000)
  object space 43520K, 32% used [0x00000000cac00000,0x00000000cb9a7578,0x00000000cd680000)
 Metaspace       used 19325K, capacity 19750K, committed 19968K, reserved 1067008K
  class space    used 2625K, capacity 2740K, committed 2816K, reserved 1048576K
}
Event: 781.015 GC heap before
{Heap before GC invocations=24 (full 1):
 PSYoungGen      total 31744K, used 21863K [0x00000000ee400000, 0x00000000f1a00000, 0x0000000100000000)
  eden space 8192K, 100% used [0x00000000ee400000,0x00000000eec00000,0x00000000eec00000)
  from space 23552K, 58% used [0x00000000f0300000,0x00000000f1059ed0,0x00000000f1a00000)
  to   space 23552K, 0% used [0x00000000eec00000,0x00000000eec00000,0x00000000f0300000)
 ParOldGen       total 43520K, used 13981K [0x00000000cac00000, 0x00000000cd680000, 0x00000000ee400000)
  object space 43520K, 32% used [0x00000000cac00000,0x00000000cb9a7578,0x00000000cd680000)
 Metaspace       used 19327K, capacity 19750K, committed 19968K, reserved 1067008K
  class space    used 2625K, capacity 2740K, committed 2816K, reserved 1048576K
Event: 781.018 GC heap after
Heap after GC invocations=24 (full 1):
 PSYoungGen      total 17920K, used 9228K [0x00000000ee400000, 0x00000000f1800000, 0x0000000100000000)
  eden space 8192K, 0% used [0x00000000ee400000,0x00000000ee400000,0x00000000eec00000)
  from space 9728K, 94% used [0x00000000eec00000,0x00000000ef503270,0x00000000ef580000)
  to   space 22528K, 0% used [0x00000000f0200000,0x00000000f0200000,0x00000000f1800000)
 ParOldGen       total 43520K, used 14029K [0x00000000cac00000, 0x00000000cd680000, 0x00000000ee400000)
  object space 43520K, 32% used [0x00000000cac00000,0x00000000cb9b3578,0x00000000cd680000)
 Metaspace       used 19327K, capacity 19750K, committed 19968K, reserved 1067008K
  class space    used 2625K, capacity 2740K, committed 2816K, reserved 1048576K
}

