# JRE version: Java(TM) SE Runtime Environment (8.0_131-b11) (build 1.8.0_131-b11)
# Java VM: Java HotSpot(TM) 64-Bit Server VM (25.131-b11 mixed mode windows-amd64 compressed oops)
Heap:
 PSYoungGen      total 20992K, used 17020K [0x00000000ee400000, 0x00000000f0100000, 0x0000000100000000)
  eden space 13824K, 87% used [0x00000000ee400000,0x00000000eefc7958,0x00000000ef180000)
  from space 7168K, 69% used [0x00000000ef900000,0x00000000efdd76b0,0x00000000f0000000)
  to   space 7680K, 0% used [0x00000000ef180000,0x00000000ef180000,0x00000000ef900000)
 ParOldGen       total 36864K, used 25193K [0x00000000cac00000, 0x00000000cd000000, 0x00000000ee400000)
  object space 36864K, 68% used [0x00000000cac00000,0x00000000cc49a708,0x00000000cd000000)
 Metaspace       used 20075K, capacity 20500K, committed 20864K, reserved 1067008K
  class space    used 2715K, capacity 2837K, committed 2944K, reserved 1048576K
GC Heap History (10 events):
Event: 608.553 GC heap before
{Heap before GC invocations=8 (full 0):
 PSYoungGen      total 18432K, used 17796K [0x00000000ee400000, 0x00000000f0000000, 0x0000000100000000)
  eden space 14336K, 97% used [0x00000000ee400000,0x00000000ef1b82f8,0x00000000ef200000)
  from space 4096K, 91% used [0x00000000ef200000,0x00000000ef5a8dc0,0x00000000ef600000)
  to   space 7168K, 0% used [0x00000000ef900000,0x00000000ef900000,0x00000000f0000000)
 ParOldGen       total 36864K, used 13787K [0x00000000cac00000, 0x00000000cd000000, 0x00000000ee400000)
  object space 36864K, 37% used [0x00000000cac00000,0x00000000cb976d78,0x00000000cd000000)
 Metaspace       used 19475K, capacity 19842K, committed 19968K, reserved 1067008K
  class space    used 2660K, capacity 2770K, committed 2816K, reserved 1048576K
Event: 608.568 GC heap after
Heap after GC invocations=8 (full 0):
 PSYoungGen      total 21504K, used 3437K [0x00000000ee400000, 0x00000000f0000000, 0x0000000100000000)
  eden space 14336K, 0% used [0x00000000ee400000,0x00000000ee400000,0x00000000ef200000)
  from space 7168K, 47% used [0x00000000ef900000,0x00000000efc5b5a8,0x00000000f0000000)
  to   space 7168K, 0% used [0x00000000ef200000,0x00000000ef200000,0x00000000ef900000)
 ParOldGen       total 36864K, used 14088K [0x00000000cac00000, 0x00000000cd000000, 0x00000000ee400000)
  object space 36864K, 38% used [0x00000000cac00000,0x00000000cb9c22f0,0x00000000cd000000)
 Metaspace       used 19475K, capacity 19842K, committed 19968K, reserved 1067008K
  class space    used 2660K, capacity 2770K, committed 2816K, reserved 1048576K
}
Event: 729.510 GC heap before
{Heap before GC invocations=9 (full 0):
 PSYoungGen      total 21504K, used 17773K [0x00000000ee400000, 0x00000000f0000000, 0x0000000100000000)
  eden space 14336K, 100% used [0x00000000ee400000,0x00000000ef200000,0x00000000ef200000)
  from space 7168K, 47% used [0x00000000ef900000,0x00000000efc5b5a8,0x00000000f0000000)
  to   space 7168K, 0% used [0x00000000ef200000,0x00000000ef200000,0x00000000ef900000)
 ParOldGen       total 36864K, used 14088K [0x00000000cac00000, 0x00000000cd000000, 0x00000000ee400000)
  object space 36864K, 38% used [0x00000000cac00000,0x00000000cb9c22f0,0x00000000cd000000)
 Metaspace       used 19558K, capacity 19970K, committed 20224K, reserved 1067008K
  class space    used 2666K, capacity 2770K, committed 2816K, reserved 1048576K
Event: 729.513 GC heap after
Heap after GC invocations=9 (full 0):
 PSYoungGen      total 21504K, used 1113K [0x00000000ee400000, 0x00000000f0000000, 0x0000000100000000)
  eden space 14336K, 0% used [0x00000000ee400000,0x00000000ee400000,0x00000000ef200000)
  from space 7168K, 15% used [0x00000000ef200000,0x00000000ef316580,0x00000000ef900000)
  to   space 7168K, 0% used [0x00000000ef900000,0x00000000ef900000,0x00000000f0000000)
 ParOldGen       total 36864K, used 14729K [0x00000000cac00000, 0x00000000cd000000, 0x00000000ee400000)
  object space 36864K, 39% used [0x00000000cac00000,0x00000000cba62530,0x00000000cd000000)
 Metaspace       used 19558K, capacity 19970K, committed 20224K, reserved 1067008K
  class space    used 2666K, capacity 2770K, committed 2816K, reserved 1048576K
}
Event: 878.409 GC heap before
{Heap before GC invocations=10 (full 0):
 PSYoungGen      total 21504K, used 15449K [0x00000000ee400000, 0x00000000f0000000, 0x0000000100000000)
  eden space 14336K, 100% used [0x00000000ee400000,0x00000000ef200000,0x00000000ef200000)
  from space 7168K, 15% used [0x00000000ef200000,0x00000000ef316580,0x00000000ef900000)
  to   space 7168K, 0% used [0x00000000ef900000,0x00000000ef900000,0x00000000f0000000)
 ParOldGen       total 36864K, used 14729K [0x00000000cac00000, 0x00000000cd000000, 0x00000000ee400000)
  object space 36864K, 39% used [0x00000000cac00000,0x00000000cba62530,0x00000000cd000000)
 Metaspace       used 19685K, capacity 20034K, committed 20224K, reserved 1067008K
  class space    used 2678K, capacity 2770K, committed 2816K, reserved 1048576K
Event: 878.410 GC heap after
Heap after GC invocations=10 (full 0):
 PSYoungGen      total 21504K, used 2298K [0x00000000ee400000, 0x00000000f0000000, 0x0000000100000000)
  eden space 14336K, 0% used [0x00000000ee400000,0x00000000ee400000,0x00000000ef200000)
  from space 7168K, 32% used [0x00000000ef900000,0x00000000efb3ea30,0x00000000f0000000)
  to   space 7168K, 0% used [0x00000000ef200000,0x00000000ef200000,0x00000000ef900000)
 ParOldGen       total 36864K, used 14833K [0x00000000cac00000, 0x00000000cd000000, 0x00000000ee400000)
  object space 36864K, 40% used [0x00000000cac00000,0x00000000cba7c530,0x00000000cd000000)
 Metaspace       used 19685K, capacity 20034K, committed 20224K, reserved 1067008K
  class space    used 2678K, capacity 2770K, committed 2816K, reserved 1048576K
}
Event: 1089.286 GC heap before
{Heap before GC invocations=11 (full 0):
 PSYoungGen      total 21504K, used 16634K [0x00000000ee400000, 0x00000000f0000000, 0x0000000100000000)
  eden space 14336K, 100% used [0x00000000ee400000,0x00000000ef200000,0x00000000ef200000)
  from space 7168K, 32% used [0x00000000ef900000,0x00000000efb3ea30,0x00000000f0000000)
  to   space 7168K, 0% used [0x00000000ef200000,0x00000000ef200000,0x00000000ef900000)
 ParOldGen       total 36864K, used 14833K [0x00000000cac00000, 0x00000000cd000000, 0x00000000ee400000)
  object space 36864K, 40% used [0x00000000cac00000,0x00000000cba7c530,0x00000000cd000000)
 Metaspace       used 19893K, capacity 20308K, committed 20608K, reserved 1067008K
  class space    used 2706K, capacity 2837K, committed 2944K, reserved 1048576K
Event: 1089.289 GC heap after
Heap after GC invocations=11 (full 0):
 PSYoungGen      total 21504K, used 1527K [0x00000000ee400000, 0x00000000f0000000, 0x0000000100000000)
  eden space 14336K, 0% used [0x00000000ee400000,0x00000000ee400000,0x00000000ef200000)
  from space 7168K, 21% used [0x00000000ef200000,0x00000000ef37df88,0x00000000ef900000)
  to   space 7168K, 0% used [0x00000000ef900000,0x00000000ef900000,0x00000000f0000000)
 ParOldGen       total 36864K, used 15553K [0x00000000cac00000, 0x00000000cd000000, 0x00000000ee400000)
  object space 36864K, 42% used [0x00000000cac00000,0x00000000cbb30790,0x00000000cd000000)
 Metaspace       used 19893K, capacity 20308K, committed 20608K, reserved 1067008K
  class space    used 2706K, capacity 2837K, committed 2944K, reserved 1048576K
}
Event: 1242.175 GC heap before
{Heap before GC invocations=12 (full 0):
 PSYoungGen      total 21504K, used 15777K [0x00000000ee400000, 0x00000000f0000000, 0x0000000100000000)
  eden space 14336K, 99% used [0x00000000ee400000,0x00000000ef1ea7c0,0x00000000ef200000)
  from space 7168K, 21% used [0x00000000ef200000,0x00000000ef37df88,0x00000000ef900000)
  to   space 7168K, 0% used [0x00000000ef900000,0x00000000ef900000,0x00000000f0000000)
 ParOldGen       total 36864K, used 15553K [0x00000000cac00000, 0x00000000cd000000, 0x00000000ee400000)
  object space 36864K, 42% used [0x00000000cac00000,0x00000000cbb30790,0x00000000cd000000)
 Metaspace       used 20037K, capacity 20436K, committed 20608K, reserved 1067008K
  class space    used 2715K, capacity 2837K, committed 2944K, reserved 1048576K
Event: 1242.183 GC heap after
Heap after GC invocations=12 (full 0):
 PSYoungGen      total 20992K, used 4957K [0x00000000ee400000, 0x00000000f0100000, 0x0000000100000000)
  eden space 13824K, 0% used [0x00000000ee400000,0x00000000ee400000,0x00000000ef180000)
  from space 7168K, 69% used [0x00000000ef900000,0x00000000efdd76b0,0x00000000f0000000)
  to   space 7680K, 0% used [0x00000000ef180000,0x00000000ef180000,0x00000000ef900000)
 ParOldGen       total 36864K, used 25193K [0x00000000cac00000, 0x00000000cd000000, 0x00000000ee400000)
  object space 36864K, 68% used [0x00000000cac00000,0x00000000cc49a708,0x00000000cd000000)
 Metaspace       used 20037K, capacity 20436K, committed 20608K, reserved 1067008K
  class space    used 2715K, capacity 2837K, committed 2944K, reserved 1048576K
}

