# JRE version: Java(TM) SE Runtime Environment (8.0_131-b11) (build 1.8.0_131-b11)
# Java VM: Java HotSpot(TM) 64-Bit Server VM (25.131-b11 mixed mode windows-amd64 compressed oops)
Heap:
 PSYoungGen      total 16384K, used 14350K [0x00000000ee400000, 0x00000000ef600000, 0x0000000100000000)
  eden space 14336K, 85% used [0x00000000ee400000,0x00000000ef007bc8,0x00000000ef200000)
  from space 2048K, 99% used [0x00000000ef200000,0x00000000ef3fc010,0x00000000ef400000)
  to   space 2048K, 0% used [0x00000000ef400000,0x00000000ef400000,0x00000000ef600000)
 ParOldGen       total 36864K, used 9930K [0x00000000cac00000, 0x00000000cd000000, 0x00000000ee400000)
  object space 36864K, 26% used [0x00000000cac00000,0x00000000cb5b2ac8,0x00000000cd000000)
 Metaspace       used 16996K, capacity 17382K, committed 17536K, reserved 1064960K
  class space    used 2274K, capacity 2382K, committed 2432K, reserved 1048576K
GC Heap History (6 events):
Event: 1.382 GC heap before
{Heap before GC invocations=1 (full 0):
 PSYoungGen      total 16384K, used 14336K [0x00000000ee400000, 0x00000000ef600000, 0x0000000100000000)
  eden space 14336K, 100% used [0x00000000ee400000,0x00000000ef200000,0x00000000ef200000)
  from space 2048K, 0% used [0x00000000ef400000,0x00000000ef400000,0x00000000ef600000)
  to   space 2048K, 0% used [0x00000000ef200000,0x00000000ef200000,0x00000000ef400000)
 ParOldGen       total 36864K, used 0K [0x00000000cac00000, 0x00000000cd000000, 0x00000000ee400000)
  object space 36864K, 0% used [0x00000000cac00000,0x00000000cac00000,0x00000000cd000000)
 Metaspace       used 12556K, capacity 12752K, committed 13184K, reserved 1060864K
  class space    used 1753K, capacity 1831K, committed 1920K, reserved 1048576K
Event: 1.390 GC heap after
Heap after GC invocations=1 (full 0):
 PSYoungGen      total 16384K, used 2032K [0x00000000ee400000, 0x00000000ef600000, 0x0000000100000000)
  eden space 14336K, 0% used [0x00000000ee400000,0x00000000ee400000,0x00000000ef200000)
  from space 2048K, 99% used [0x00000000ef200000,0x00000000ef3fc010,0x00000000ef400000)
  to   space 2048K, 0% used [0x00000000ef400000,0x00000000ef400000,0x00000000ef600000)
 ParOldGen       total 36864K, used 1502K [0x00000000cac00000, 0x00000000cd000000, 0x00000000ee400000)
  object space 36864K, 4% used [0x00000000cac00000,0x00000000cad778f0,0x00000000cd000000)
 Metaspace       used 12556K, capacity 12752K, committed 13184K, reserved 1060864K
  class space    used 1753K, capacity 1831K, committed 1920K, reserved 1048576K
}
Event: 2.094 GC heap before
{Heap before GC invocations=2 (full 0):
 PSYoungGen      total 16384K, used 12351K [0x00000000ee400000, 0x00000000ef600000, 0x0000000100000000)
  eden space 14336K, 71% used [0x00000000ee400000,0x00000000eee13cd0,0x00000000ef200000)
  from space 2048K, 99% used [0x00000000ef200000,0x00000000ef3fc010,0x00000000ef400000)
  to   space 2048K, 0% used [0x00000000ef400000,0x00000000ef400000,0x00000000ef600000)
 ParOldGen       total 36864K, used 1502K [0x00000000cac00000, 0x00000000cd000000, 0x00000000ee400000)
  object space 36864K, 4% used [0x00000000cac00000,0x00000000cad778f0,0x00000000cd000000)
 Metaspace       used 14890K, capacity 15114K, committed 15488K, reserved 1062912K
  class space    used 2067K, capacity 2142K, committed 2176K, reserved 1048576K
Event: 2.109 GC heap after
Heap after GC invocations=2 (full 0):
 PSYoungGen      total 16384K, used 2048K [0x00000000ee400000, 0x00000000f0400000, 0x0000000100000000)
  eden space 14336K, 0% used [0x00000000ee400000,0x00000000ee400000,0x00000000ef200000)
  from space 2048K, 100% used [0x00000000ef400000,0x00000000ef600000,0x00000000ef600000)
  to   space 2048K, 0% used [0x00000000ef200000,0x00000000ef200000,0x00000000ef400000)
 ParOldGen       total 36864K, used 2910K [0x00000000cac00000, 0x00000000cd000000, 0x00000000ee400000)
  object space 36864K, 7% used [0x00000000cac00000,0x00000000caed7bb8,0x00000000cd000000)
 Metaspace       used 14890K, capacity 15114K, committed 15488K, reserved 1062912K
  class space    used 2067K, capacity 2142K, committed 2176K, reserved 1048576K
}
Event: 9.209 GC heap before
{Heap before GC invocations=3 (full 0):
 PSYoungGen      total 16384K, used 16384K [0x00000000ee400000, 0x00000000f0400000, 0x0000000100000000)
  eden space 14336K, 100% used [0x00000000ee400000,0x00000000ef200000,0x00000000ef200000)
  from space 2048K, 100% used [0x00000000ef400000,0x00000000ef600000,0x00000000ef600000)
  to   space 2048K, 0% used [0x00000000ef200000,0x00000000ef200000,0x00000000ef400000)
 ParOldGen       total 36864K, used 2910K [0x00000000cac00000, 0x00000000cd000000, 0x00000000ee400000)
  object space 36864K, 7% used [0x00000000cac00000,0x00000000caed7bb8,0x00000000cd000000)
 Metaspace       used 16258K, capacity 16628K, committed 16896K, reserved 1064960K
  class space    used 2182K, capacity 2283K, committed 2304K, reserved 1048576K
Event: 9.219 GC heap after
Heap after GC invocations=3 (full 0):
 PSYoungGen      total 16384K, used 2032K [0x00000000ee400000, 0x00000000ef600000, 0x0000000100000000)
  eden space 14336K, 0% used [0x00000000ee400000,0x00000000ee400000,0x00000000ef200000)
  from space 2048K, 99% used [0x00000000ef200000,0x00000000ef3fc010,0x00000000ef400000)
  to   space 2048K, 0% used [0x00000000ef400000,0x00000000ef400000,0x00000000ef600000)
 ParOldGen       total 36864K, used 9930K [0x00000000cac00000, 0x00000000cd000000, 0x00000000ee400000)
  object space 36864K, 26% used [0x00000000cac00000,0x00000000cb5b2ac8,0x00000000cd000000)
 Metaspace       used 16258K, capacity 16628K, committed 16896K, reserved 1064960K
  class space    used 2182K, capacity 2283K, committed 2304K, reserved 1048576K
}

